<?xml version="1.0" encoding="UTF-8"?>
<!-- Generated by org.testng.reporters.JUnitReportReporter -->
<testsuite hostname="LAPTOP-8U5OOHND" failures="0" tests="1" name="mavenforjenkins.UITest" time="6.460" errors="0" timestamp="2023-05-26T16:43:17 IST" skipped="0">
  <testcase classname="mavenforjenkins.UITest" name="startBrowser" time="6.460"/>
  <system-out/>
</testsuite> <!-- mavenforjenkins.UITest -->
